Initializing document watcher...
iamamirsalehi/README.md: Using EditorConfig core...
iamamirsalehi/README.md: Using EditorConfig core...
iamamirsalehi/README.md: Using EditorConfig core...
iamamirsalehi/README.md: Using EditorConfig core...
iamamirsalehi/README.md: Using EditorConfig core...
iamamirsalehi/README.md: Using EditorConfig core...
iamamirsalehi/README.md: Using EditorConfig core...
iamamirsalehi/README.md: Using EditorConfig core...
iamamirsalehi/README.md: Using EditorConfig core...
iamamirsalehi/README.md: Using EditorConfig core...
iamamirsalehi/README.md: Using EditorConfig core...
iamamirsalehi/README.md: Using EditorConfig core...
iamamirsalehi/README.md: Using EditorConfig core...
iamamirsalehi/README.md: Using EditorConfig core...
iamamirsalehi/README.md: Using EditorConfig core...
iamamirsalehi/README.md: Using EditorConfig core...
iamamirsalehi/README.md: Using EditorConfig core...
iamamirsalehi/README.md: Using EditorConfig core...
iamamirsalehi/README.md: Using EditorConfig core...
iamamirsalehi/README.md: Using EditorConfig core...
iamamirsalehi/README.md: Using EditorConfig core...
iamamirsalehi/README.md: Using EditorConfig core...
iamamirsalehi/README.md: Using EditorConfig core...
iamamirsalehi/README.md: Using EditorConfig core...
iamamirsalehi/README.md: Using EditorConfig core...
iamamirsalehi/README.md: Using EditorConfig core...
iamamirsalehi/README.md: Using EditorConfig core...
iamamirsalehi/README.md: Using EditorConfig core...
iamamirsalehi/README.md: {}
iamamirsalehi/README.md: {}
iamamirsalehi/README.md: Using EditorConfig core...
iamamirsalehi/README.md: Using EditorConfig core...
iamamirsalehi/.gitignore: {}
iamamirsalehi/.gitignore: Using EditorConfig core...
iamamirsalehi/.gitignore: Using EditorConfig core...
iamamirsalehi/.gitignore: Using EditorConfig core...
iamamirsalehi/.gitignore: Using EditorConfig core...
iamamirsalehi/.gitignore: Using EditorConfig core...
iamamirsalehi/.gitignore: Using EditorConfig core...
iamamirsalehi/.gitignore: Using EditorConfig core...
iamamirsalehi/.gitignore: Using EditorConfig core...
iamamirsalehi/.gitignore: {}
iamamirsalehi/.gitignore: Using EditorConfig core...
iamamirsalehi/.gitignore: Using EditorConfig core...
iamamirsalehi/.gitignore: Using EditorConfig core...
iamamirsalehi/.gitignore: Using EditorConfig core...
iamamirsalehi/.gitignore: Using EditorConfig core...
iamamirsalehi/.gitignore: Using EditorConfig core...
iamamirsalehi/.gitignore: Using EditorConfig core...
iamamirsalehi/.gitignore: {}
iamamirsalehi/.gitignore: {}
iamamirsalehi/.gitignore: {}
